<?xml version="1.0" encoding="UTF-8"?>
<testng-results ignored="0" total="2" passed="2" failed="0" skipped="0">
  <reporter-output>
  </reporter-output>
  <suite started-at="2022-12-12T17:34:00 IST" name="Suite" finished-at="2022-12-12T17:34:00 IST" duration-ms="35">
    <groups>
    </groups>
    <test started-at="2022-12-12T17:34:00 IST" name="Test" finished-at="2022-12-12T17:34:00 IST" duration-ms="35">
      <class name="maven_test.Dummy_Test">
        <test-method signature="Dummy()[pri:0, instance:maven_test.Dummy_Test@25084a1e]" started-at="2022-12-12T17:34:00 IST" name="Dummy" finished-at="2022-12-12T17:34:00 IST" duration-ms="6" status="PASS">
          <reporter-output>
          </reporter-output>
        </test-method> <!-- Dummy -->
      </class> <!-- maven_test.Dummy_Test -->
      <class name="maven_test.MavenDemoTest">
        <test-method signature="Demo()[pri:0, instance:maven_test.MavenDemoTest@a530d0a]" started-at="2022-12-12T17:34:00 IST" name="Demo" finished-at="2022-12-12T17:34:00 IST" duration-ms="1" status="PASS">
          <reporter-output>
          </reporter-output>
        </test-method> <!-- Demo -->
      </class> <!-- maven_test.MavenDemoTest -->
    </test> <!-- Test -->
  </suite> <!-- Suite -->
</testng-results>
