<?xml version="1.0" encoding="UTF-8"?>
<!-- Generated by org.testng.reporters.JUnitXMLReporter -->
<testsuite ignored="0" hostname="LAPTOP-NVFF1C43" failures="0" tests="3" name="Test" time="94.668" errors="0" timestamp="2022-11-17T17:20:45 IST">
  <testcase classname="maven_test.MavenDemoTest" name="Demo" time="0.005"/>
  <testcase classname="maven_test.Register_Testcase" name="Reg" time="36.398"/>
  <testcase classname="maven_test.Demo_web_shop_searchTest" name="Tc_Search" time="58.236"/>
</testsuite> <!-- Test -->
